<?xml version="1.0" encoding="UTF-8"?>
<coverage generated="1722462836177" clover="3.2.0">
  <project timestamp="1722462836177" name="All files">
    <metrics statements="24" coveredstatements="9" conditionals="4" coveredconditionals="0" methods="9" coveredmethods="1" elements="37" coveredelements="10" complexity="0" loc="24" ncloc="24" packages="2" files="6" classes="6"/>
    <package name="components">
      <metrics statements="12" coveredstatements="4" conditionals="4" coveredconditionals="0" methods="5" coveredmethods="1"/>
      <file name="Contact.js" path="/Users/himajachinnam/Downloads/Learning/Java & React/FoodOrderingApp/Food-Ordering-App/src/components/Contact.js">
        <metrics statements="2" coveredstatements="1" conditionals="0" coveredconditionals="0" methods="1" coveredmethods="0"/>
        <line num="3" count="1" type="stmt"/>
        <line num="4" count="0" type="stmt"/>
      </file>
      <file name="Header.js" path="/Users/himajachinnam/Downloads/Learning/Java & React/FoodOrderingApp/Food-Ordering-App/src/components/Header.js">
        <metrics statements="8" coveredstatements="1" conditionals="4" coveredconditionals="0" methods="3" coveredmethods="0"/>
        <line num="9" count="1" type="stmt"/>
        <line num="11" count="0" type="stmt"/>
        <line num="13" count="0" type="stmt"/>
        <line num="15" count="0" type="stmt"/>
        <line num="17" count="0" type="stmt"/>
        <line num="18" count="0" type="stmt"/>
        <line num="20" count="0" type="stmt"/>
        <line num="48" count="0" type="cond" truecount="0" falsecount="2"/>
      </file>
      <file name="sum.js" path="/Users/himajachinnam/Downloads/Learning/Java & React/FoodOrderingApp/Food-Ordering-App/src/components/sum.js">
        <metrics statements="2" coveredstatements="2" conditionals="0" coveredconditionals="0" methods="1" coveredmethods="1"/>
        <line num="1" count="1" type="stmt"/>
        <line num="2" count="1" type="stmt"/>
      </file>
    </package>
    <package name="utils.js">
      <metrics statements="12" coveredstatements="5" conditionals="0" coveredconditionals="0" methods="4" coveredmethods="0"/>
      <file name="UserContext.js" path="/Users/himajachinnam/Downloads/Learning/Java & React/FoodOrderingApp/Food-Ordering-App/src/utils.js/UserContext.js">
        <metrics statements="1" coveredstatements="1" conditionals="0" coveredconditionals="0" methods="0" coveredmethods="0"/>
        <line num="3" count="1" type="stmt"/>
      </file>
      <file name="constants.js" path="/Users/himajachinnam/Downloads/Learning/Java & React/FoodOrderingApp/Food-Ordering-App/src/utils.js/constants.js">
        <metrics statements="3" coveredstatements="3" conditionals="0" coveredconditionals="0" methods="0" coveredmethods="0"/>
        <line num="2" count="1" type="stmt"/>
        <line num="5" count="1" type="stmt"/>
        <line num="8" count="1" type="stmt"/>
      </file>
      <file name="useOnlineStatus.js" path="/Users/himajachinnam/Downloads/Learning/Java & React/FoodOrderingApp/Food-Ordering-App/src/utils.js/useOnlineStatus.js">
        <metrics statements="8" coveredstatements="1" conditionals="0" coveredconditionals="0" methods="4" coveredmethods="0"/>
        <line num="3" count="1" type="stmt"/>
        <line num="5" count="0" type="stmt"/>
        <line num="7" count="0" type="stmt"/>
        <line num="8" count="0" type="stmt"/>
        <line num="9" count="0" type="stmt"/>
        <line num="12" count="0" type="stmt"/>
        <line num="13" count="0" type="stmt"/>
        <line num="18" count="0" type="stmt"/>
      </file>
    </package>
  </project>
</coverage>
