{"/Users/himajachinnam/Downloads/Learning/Java & React/FoodOrderingApp/Food-Ordering-App/src/components/Contact.js": {"path":"/Users/himajachinnam/Downloads/Learning/Java & React/FoodOrderingApp/Food-Ordering-App/src/components/Contact.js","statementMap":{"0":{"start":{"line":3,"column":16},"end":{"line":10,"column":1}},"1":{"start":{"line":4,"column":2},"end":{"line":9,"column":4}}},"fnMap":{"0":{"name":"(anonymous_0)","decl":{"start":{"line":3,"column":16},"end":{"line":3,"column":17}},"loc":{"start":{"line":3,"column":22},"end":{"line":10,"column":1}},"line":3}},"branchMap":{},"s":{"0":1,"1":0},"f":{"0":0},"b":{},"_coverageSchema":"1a1c01bbd47fc00a2c39e90264f33305004495a9","hash":"7802034c152e28fe00fbe1e5ca8b9d70de3efaaf"}
,"/Users/himajachinnam/Downloads/Learning/Java & React/FoodOrderingApp/Food-Ordering-App/src/components/Header.js": {"path":"/Users/himajachinnam/Downloads/Learning/Java & React/FoodOrderingApp/Food-Ordering-App/src/components/Header.js","statementMap":{"0":{"start":{"line":9,"column":15},"end":{"line":59,"column":1}},"1":{"start":{"line":11,"column":23},"end":{"line":11,"column":40}},"2":{"start":{"line":13,"column":32},"end":{"line":13,"column":49}},"3":{"start":{"line":15,"column":27},"end":{"line":15,"column":50}},"4":{"start":{"line":17,"column":20},"end":{"line":17,"column":60}},"5":{"start":{"line":17,"column":43},"end":{"line":17,"column":59}},"6":{"start":{"line":18,"column":2},"end":{"line":18,"column":25}},"7":{"start":{"line":20,"column":2},"end":{"line":58,"column":3}},"8":{"start":{"line":48,"column":12},"end":{"line":50,"column":36}}},"fnMap":{"0":{"name":"(anonymous_0)","decl":{"start":{"line":9,"column":15},"end":{"line":9,"column":16}},"loc":{"start":{"line":9,"column":21},"end":{"line":59,"column":1}},"line":9},"1":{"name":"(anonymous_1)","decl":{"start":{"line":17,"column":32},"end":{"line":17,"column":33}},"loc":{"start":{"line":17,"column":43},"end":{"line":17,"column":59}},"line":17},"2":{"name":"(anonymous_2)","decl":{"start":{"line":47,"column":48},"end":{"line":47,"column":49}},"loc":{"start":{"line":47,"column":54},"end":{"line":51,"column":11}},"line":47}},"branchMap":{"0":{"loc":{"start":{"line":30,"column":28},"end":{"line":30,"column":53}},"type":"cond-expr","locations":[{"start":{"line":30,"column":43},"end":{"line":30,"column":46}},{"start":{"line":30,"column":49},"end":{"line":30,"column":53}}],"line":30},"1":{"loc":{"start":{"line":48,"column":12},"end":{"line":50,"column":35}},"type":"cond-expr","locations":[{"start":{"line":49,"column":14},"end":{"line":49,"column":34}},{"start":{"line":50,"column":16},"end":{"line":50,"column":35}}],"line":48}},"s":{"0":1,"1":0,"2":0,"3":0,"4":0,"5":0,"6":0,"7":0,"8":0},"f":{"0":0,"1":0,"2":0},"b":{"0":[0,0],"1":[0,0]},"_coverageSchema":"1a1c01bbd47fc00a2c39e90264f33305004495a9","hash":"19f8c21fb5aa5743582f5e0480d7a9c8f69fcd98"}
,"/Users/himajachinnam/Downloads/Learning/Java & React/FoodOrderingApp/Food-Ordering-App/src/components/sum.js": {"path":"/Users/himajachinnam/Downloads/Learning/Java & React/FoodOrderingApp/Food-Ordering-App/src/components/sum.js","statementMap":{"0":{"start":{"line":1,"column":19},"end":{"line":3,"column":1}},"1":{"start":{"line":2,"column":2},"end":{"line":2,"column":15}}},"fnMap":{"0":{"name":"(anonymous_0)","decl":{"start":{"line":1,"column":19},"end":{"line":1,"column":20}},"loc":{"start":{"line":1,"column":29},"end":{"line":3,"column":1}},"line":1}},"branchMap":{},"s":{"0":1,"1":1},"f":{"0":1},"b":{},"_coverageSchema":"1a1c01bbd47fc00a2c39e90264f33305004495a9","hash":"7a5fdc642beee61ff914407b0897abc32f85d7a4"}
,"/Users/himajachinnam/Downloads/Learning/Java & React/FoodOrderingApp/Food-Ordering-App/src/utils.js/UserContext.js": {"path":"/Users/himajachinnam/Downloads/Learning/Java & React/FoodOrderingApp/Food-Ordering-App/src/utils.js/UserContext.js","statementMap":{"0":{"start":{"line":3,"column":20},"end":{"line":5,"column":2}}},"fnMap":{},"branchMap":{},"s":{"0":1},"f":{},"b":{},"_coverageSchema":"1a1c01bbd47fc00a2c39e90264f33305004495a9","hash":"e4015e505054ed535deaf733e69bc1f7e0f80152"}
,"/Users/himajachinnam/Downloads/Learning/Java & React/FoodOrderingApp/Food-Ordering-App/src/utils.js/constants.js": {"path":"/Users/himajachinnam/Downloads/Learning/Java & React/FoodOrderingApp/Food-Ordering-App/src/utils.js/constants.js","statementMap":{"0":{"start":{"line":2,"column":2},"end":{"line":2,"column":85}},"1":{"start":{"line":5,"column":2},"end":{"line":5,"column":182}},"2":{"start":{"line":8,"column":2},"end":{"line":8,"column":154}}},"fnMap":{},"branchMap":{},"s":{"0":1,"1":1,"2":1},"f":{},"b":{},"_coverageSchema":"1a1c01bbd47fc00a2c39e90264f33305004495a9","hash":"66928c41cef49f7d5775f745079ccdc0bea4e5fd"}
,"/Users/himajachinnam/Downloads/Learning/Java & React/FoodOrderingApp/Food-Ordering-App/src/utils.js/useOnlineStatus.js": {"path":"/Users/himajachinnam/Downloads/Learning/Java & React/FoodOrderingApp/Food-Ordering-App/src/utils.js/useOnlineStatus.js","statementMap":{"0":{"start":{"line":3,"column":24},"end":{"line":19,"column":1}},"1":{"start":{"line":5,"column":42},"end":{"line":5,"column":58}},"2":{"start":{"line":7,"column":2},"end":{"line":16,"column":9}},"3":{"start":{"line":8,"column":4},"end":{"line":10,"column":7}},"4":{"start":{"line":9,"column":6},"end":{"line":9,"column":29}},"5":{"start":{"line":12,"column":4},"end":{"line":14,"column":7}},"6":{"start":{"line":13,"column":6},"end":{"line":13,"column":28}},"7":{"start":{"line":18,"column":2},"end":{"line":18,"column":22}}},"fnMap":{"0":{"name":"(anonymous_0)","decl":{"start":{"line":3,"column":24},"end":{"line":3,"column":25}},"loc":{"start":{"line":3,"column":30},"end":{"line":19,"column":1}},"line":3},"1":{"name":"(anonymous_1)","decl":{"start":{"line":7,"column":12},"end":{"line":7,"column":13}},"loc":{"start":{"line":7,"column":18},"end":{"line":16,"column":3}},"line":7},"2":{"name":"(anonymous_2)","decl":{"start":{"line":8,"column":39},"end":{"line":8,"column":40}},"loc":{"start":{"line":8,"column":50},"end":{"line":10,"column":5}},"line":8},"3":{"name":"(anonymous_3)","decl":{"start":{"line":12,"column":38},"end":{"line":12,"column":39}},"loc":{"start":{"line":12,"column":49},"end":{"line":14,"column":5}},"line":12}},"branchMap":{},"s":{"0":1,"1":0,"2":0,"3":0,"4":0,"5":0,"6":0,"7":0},"f":{"0":0,"1":0,"2":0,"3":0},"b":{},"_coverageSchema":"1a1c01bbd47fc00a2c39e90264f33305004495a9","hash":"508621c54a98a9280b531a123acc568d5e0db8e8"}
}
